Using pre-set license
Built from '2020.3/release' branch; Version is '2020.3.1f1 (77a89f25062f) revision 7841951'; Using compiler version '192528614'; Build Type 'Release'
OS: 'Windows 10 Home; OS build 18363.1440; Version 1909; 64bit' Language: 'en' Physical Memory: 16315 MB
BatchMode: 1, IsHumanControllingUs: 0, StartBugReporterOnCrash: 0, Is64bit: 1, IsPro: 0

 COMMAND LINE ARGUMENTS:
F:\unity\somehting\2020.3.1f1\Editor\Unity.exe
-adb2
-batchMode
-noUpm
-name
AssetImportWorker0
-projectPath
C:/Users/chaza/Desktop/CIS410/assign1/Rollerball
-logFile
Logs/AssetImportWorker0.log
-srvPort
55217
Successfully changed project path to: C:/Users/chaza/Desktop/CIS410/assign1/Rollerball
C:/Users/chaza/Desktop/CIS410/assign1/Rollerball
Using Asset Import Pipeline V2.
Refreshing native plugins compatible for Editor in 61.96 ms, found 0 plugins.
Preloading 0 native plugins for Editor in 0.01 ms.
Initialize engine version: 2020.3.1f1 (77a89f25062f)
[Subsystems] Discovering subsystems at path F:/unity/somehting/2020.3.1f1/Editor/Data/Resources/UnitySubsystems
[Subsystems] Discovering subsystems at path C:/Users/chaza/Desktop/CIS410/assign1/Rollerball/Assets
GfxDevice: creating device client; threaded=0
Direct3D:
    Version:  Direct3D 11.0 [level 11.1]
    Renderer: Radeon RX 580 Series (ID=0x67df)
    Vendor:   
    VRAM:     8171 MB
    Driver:   27.20.14501.28009
Initialize mono
Mono path[0] = 'F:/unity/somehting/2020.3.1f1/Editor/Data/Managed'
Mono path[1] = 'F:/unity/somehting/2020.3.1f1/Editor/Data/MonoBleedingEdge/lib/mono/unityjit'
Mono config path = 'F:/unity/somehting/2020.3.1f1/Editor/Data/MonoBleedingEdge/etc'
Using monoOptions --debugger-agent=transport=dt_socket,embedding=1,server=y,suspend=n,address=127.0.0.1:56648
Begin MonoManager ReloadAssembly
Registering precompiled unity dll's ...
Register platform support module: F:/unity/somehting/2020.3.1f1/Editor/Data/PlaybackEngines/WebGLSupport/UnityEditor.WebGL.Extensions.dll
Register platform support module: F:/unity/somehting/2020.3.1f1/Editor/Data/PlaybackEngines/WindowsStandaloneSupport/UnityEditor.WindowsStandalone.Extensions.dll
Registered in 0.001101 seconds.
Native extension for WindowsStandalone target not found
Native extension for WebGL target not found
Refreshing native plugins compatible for Editor in 41.52 ms, found 0 plugins.
Preloading 0 native plugins for Editor in 0.00 ms.
Invoked RoslynAnalysisRunner static constructor.
RoslynAnalysisRunner will not be running.
RoslynAnalysisRunner has terminated.
Mono: successfully reloaded assembly
- Completed reload, in 11.075 seconds
Platform modules already initialized, skipping
Registering precompiled user dll's ...
Registered in 0.001098 seconds.
Begin MonoManager ReloadAssembly
Native extension for WindowsStandalone target not found
Native extension for WebGL target not found
Refreshing native plugins compatible for Editor in 43.24 ms, found 0 plugins.
Preloading 0 native plugins for Editor in 0.00 ms.
Invoked RoslynAnalysisRunner static constructor.
RoslynAnalysisRunner will not be running.
RoslynAnalysisRunner has terminated.
Mono: successfully reloaded assembly
- Completed reload, in  0.815 seconds
Platform modules already initialized, skipping
========================================================================
Worker process is ready to serve import requests
Shader 'Universal Render Pipeline/Particles/Lit': fallback shader 'Universal Render Pipeline/Particles/SimpleLit' not found
Shader 'Universal Render Pipeline/Particles/Lit': fallback shader 'Universal Render Pipeline/Particles/SimpleLit' not found
Launched and connected shader compiler UnityShaderCompiler.exe after 0.09 seconds
Refreshing native plugins compatible for Editor in 0.40 ms, found 0 plugins.
Preloading 0 native plugins for Editor in 0.00 ms.
Unloading 2715 Unused Serialized files (Serialized files now loaded: 0)
System memory in use before: 122.3 MB.
System memory in use after: 120.1 MB.

Unloading 47 unused Assets to reduce memory usage. Loaded Objects now: 3125.
Total: 3.409400 ms (FindLiveObjects: 0.291300 ms CreateObjectMapping: 0.067500 ms MarkObjects: 2.025600 ms  DeleteObjects: 1.023600 ms)

========================================================================
Received Import Request.
  path: Assets/Template/Scripts/CameraController.cs
  artifactKey: Guid(c709af3b7bf714b48b74c5c997da3373) Importer(815301076,1909f56bfc062723c751e8b465ee728b)
Start importing Assets/Template/Scripts/CameraController.cs using Guid(c709af3b7bf714b48b74c5c997da3373) Importer(815301076,1909f56bfc062723c751e8b465ee728b)  -> (artifact id: 'b01a5df43e63dc22a30cb8fbc5a23cd9') in 0.059955 seconds
  Import took 0.064128 seconds .

========================================================================
Received Prepare
Registering precompiled user dll's ...
Registered in 0.001241 seconds.
Begin MonoManager ReloadAssembly
Native extension for WindowsStandalone target not found
Native extension for WebGL target not found
Refreshing native plugins compatible for Editor in 0.43 ms, found 0 plugins.
Preloading 0 native plugins for Editor in 0.00 ms.
Invoked RoslynAnalysisRunner static constructor.
RoslynAnalysisRunner will not be running.
RoslynAnalysisRunner has terminated.
Mono: successfully reloaded assembly
- Completed reload, in  0.698 seconds
Platform modules already initialized, skipping
Shader 'Universal Render Pipeline/Particles/Lit': fallback shader 'Universal Render Pipeline/Particles/SimpleLit' not found
Shader 'Universal Render Pipeline/Particles/Lit': fallback shader 'Universal Render Pipeline/Particles/SimpleLit' not found
Refreshing native plugins compatible for Editor in 0.43 ms, found 0 plugins.
Preloading 0 native plugins for Editor in 0.00 ms.
Unloading 2640 Unused Serialized files (Serialized files now loaded: 0)
System memory in use before: 119.4 MB.
System memory in use after: 117.2 MB.

Unloading 40 unused Assets to reduce memory usage. Loaded Objects now: 3128.
Total: 3.273100 ms (FindLiveObjects: 0.246400 ms CreateObjectMapping: 0.068200 ms MarkObjects: 1.868800 ms  DeleteObjects: 1.088900 ms)

========================================================================
Received Import Request.
  Time since last request: 254.779222 seconds.
  path: Assets/Template/Scripts/CameraController.cs
  artifactKey: Guid(c709af3b7bf714b48b74c5c997da3373) Importer(815301076,1909f56bfc062723c751e8b465ee728b)
Start importing Assets/Template/Scripts/CameraController.cs using Guid(c709af3b7bf714b48b74c5c997da3373) Importer(815301076,1909f56bfc062723c751e8b465ee728b)  -> (artifact id: '54ea59556bf56781f2b4b5f37c51cbf0') in 0.005348 seconds
  Import took 0.009121 seconds .

========================================================================
Received Prepare
Registering precompiled user dll's ...
Registered in 0.001121 seconds.
Begin MonoManager ReloadAssembly
Native extension for WindowsStandalone target not found
Native extension for WebGL target not found
Refreshing native plugins compatible for Editor in 0.43 ms, found 0 plugins.
Preloading 0 native plugins for Editor in 0.00 ms.
Invoked RoslynAnalysisRunner static constructor.
RoslynAnalysisRunner will not be running.
RoslynAnalysisRunner has terminated.
Mono: successfully reloaded assembly
- Completed reload, in  0.709 seconds
Platform modules already initialized, skipping
Shader 'Universal Render Pipeline/Particles/Lit': fallback shader 'Universal Render Pipeline/Particles/SimpleLit' not found
Shader 'Universal Render Pipeline/Particles/Lit': fallback shader 'Universal Render Pipeline/Particles/SimpleLit' not found
Refreshing native plugins compatible for Editor in 0.48 ms, found 0 plugins.
Preloading 0 native plugins for Editor in 0.00 ms.
Unloading 2640 Unused Serialized files (Serialized files now loaded: 0)
System memory in use before: 119.5 MB.
System memory in use after: 117.2 MB.

Unloading 40 unused Assets to reduce memory usage. Loaded Objects now: 3131.
Total: 3.229400 ms (FindLiveObjects: 0.306200 ms CreateObjectMapping: 0.067300 ms MarkObjects: 1.649500 ms  DeleteObjects: 1.205500 ms)

========================================================================
Received Import Request.
  Time since last request: 269.078974 seconds.
  path: Assets/Materials/Walls.mat
  artifactKey: Guid(c1b04e16f97126a42ac1cb3ee4aecbfc) Importer(815301076,1909f56bfc062723c751e8b465ee728b)
Start importing Assets/Materials/Walls.mat using Guid(c1b04e16f97126a42ac1cb3ee4aecbfc) Importer(815301076,1909f56bfc062723c751e8b465ee728b)  -> (artifact id: '36d29e747e13a88699928378f4b54cae') in 0.266518 seconds
  Import took 0.271454 seconds .

========================================================================
Received Prepare
Registering precompiled user dll's ...
Registered in 0.001362 seconds.
Begin MonoManager ReloadAssembly
Native extension for WindowsStandalone target not found
Native extension for WebGL target not found
Refreshing native plugins compatible for Editor in 0.43 ms, found 0 plugins.
Preloading 0 native plugins for Editor in 0.00 ms.
Invoked RoslynAnalysisRunner static constructor.
RoslynAnalysisRunner will not be running.
RoslynAnalysisRunner has terminated.
Mono: successfully reloaded assembly
- Completed reload, in  0.737 seconds
Platform modules already initialized, skipping
Shader 'Universal Render Pipeline/Particles/Lit': fallback shader 'Universal Render Pipeline/Particles/SimpleLit' not found
Shader 'Universal Render Pipeline/Particles/Lit': fallback shader 'Universal Render Pipeline/Particles/SimpleLit' not found
Refreshing native plugins compatible for Editor in 0.42 ms, found 0 plugins.
Preloading 0 native plugins for Editor in 0.00 ms.
Unloading 2640 Unused Serialized files (Serialized files now loaded: 0)
System memory in use before: 124.9 MB.
System memory in use after: 122.7 MB.

Unloading 40 unused Assets to reduce memory usage. Loaded Objects now: 3212.
Total: 2.940500 ms (FindLiveObjects: 0.258500 ms CreateObjectMapping: 0.067100 ms MarkObjects: 1.593000 ms  DeleteObjects: 1.021100 ms)

========================================================================
Received Import Request.
  Time since last request: 494.421358 seconds.
  path: Assets/Materials/Walls.mat
  artifactKey: Guid(c1b04e16f97126a42ac1cb3ee4aecbfc) Importer(815301076,1909f56bfc062723c751e8b465ee728b)
Start importing Assets/Materials/Walls.mat using Guid(c1b04e16f97126a42ac1cb3ee4aecbfc) Importer(815301076,1909f56bfc062723c751e8b465ee728b)  -> (artifact id: '19d2e958387d3724750d3db571ef3139') in 0.129827 seconds
  Import took 0.133713 seconds .

========================================================================
Received Import Request.
  Time since last request: 521.823164 seconds.
  path: Assets/Materials/Collectable.mat
  artifactKey: Guid(f95013fadf6b3154ebe69f777705e041) Importer(815301076,1909f56bfc062723c751e8b465ee728b)
Start importing Assets/Materials/Collectable.mat using Guid(f95013fadf6b3154ebe69f777705e041) Importer(815301076,1909f56bfc062723c751e8b465ee728b)  -> (artifact id: 'b44b8c04bd0a4af6079ee280b873c58a') in 0.014858 seconds
  Import took 0.019439 seconds .

========================================================================
Received Prepare
Registering precompiled user dll's ...
Registered in 0.001130 seconds.
Begin MonoManager ReloadAssembly
Native extension for WindowsStandalone target not found
Native extension for WebGL target not found
Refreshing native plugins compatible for Editor in 0.42 ms, found 0 plugins.
Preloading 0 native plugins for Editor in 0.00 ms.
Invoked RoslynAnalysisRunner static constructor.
RoslynAnalysisRunner will not be running.
RoslynAnalysisRunner has terminated.
Mono: successfully reloaded assembly
- Completed reload, in  0.732 seconds
Platform modules already initialized, skipping
Shader 'Universal Render Pipeline/Particles/Lit': fallback shader 'Universal Render Pipeline/Particles/SimpleLit' not found
Shader 'Universal Render Pipeline/Particles/Lit': fallback shader 'Universal Render Pipeline/Particles/SimpleLit' not found
Refreshing native plugins compatible for Editor in 0.41 ms, found 0 plugins.
Preloading 0 native plugins for Editor in 0.00 ms.
Unloading 2641 Unused Serialized files (Serialized files now loaded: 0)
System memory in use before: 125.1 MB.
System memory in use after: 122.9 MB.

Unloading 40 unused Assets to reduce memory usage. Loaded Objects now: 3252.
Total: 3.425200 ms (FindLiveObjects: 0.299600 ms CreateObjectMapping: 0.065200 ms MarkObjects: 1.845300 ms  DeleteObjects: 1.214200 ms)

========================================================================
Received Import Request.
  Time since last request: 112.569863 seconds.
  path: Assets/Scripts/NewBehaviourScript.cs
  artifactKey: Guid(2fbcab50c940cf24db89e3443a1f0b70) Importer(815301076,1909f56bfc062723c751e8b465ee728b)
Start importing Assets/Scripts/NewBehaviourScript.cs using Guid(2fbcab50c940cf24db89e3443a1f0b70) Importer(815301076,1909f56bfc062723c751e8b465ee728b)  -> (artifact id: '8b3b536a259f6d3764355dafc622e88a') in 0.005844 seconds
  Import took 0.009742 seconds .

========================================================================
Received Import Request.
  Time since last request: 16.019908 seconds.
  path: Assets/Scripts/Rotator.cs
  artifactKey: Guid(2fbcab50c940cf24db89e3443a1f0b70) Importer(815301076,1909f56bfc062723c751e8b465ee728b)
Start importing Assets/Scripts/Rotator.cs using Guid(2fbcab50c940cf24db89e3443a1f0b70) Importer(815301076,1909f56bfc062723c751e8b465ee728b)  -> (artifact id: 'b91e060df181ff4ce1175a85eb3016f8') in 0.007053 seconds
  Import took 0.010921 seconds .

========================================================================
Received Import Request.
  Time since last request: 0.000321 seconds.
  path: Assets/Scripts/Rotator.cs
  artifactKey: Guid(2fbcab50c940cf24db89e3443a1f0b70) Importer(815301076,1909f56bfc062723c751e8b465ee728b)
Start importing Assets/Scripts/Rotator.cs using Guid(2fbcab50c940cf24db89e3443a1f0b70) Importer(815301076,1909f56bfc062723c751e8b465ee728b)  -> (artifact id: 'b91e060df181ff4ce1175a85eb3016f8') in 0.002688 seconds
  Import took 0.005809 seconds .

========================================================================
Received Prepare
Registering precompiled user dll's ...
Registered in 0.001143 seconds.
Begin MonoManager ReloadAssembly
Native extension for WindowsStandalone target not found
Native extension for WebGL target not found
Refreshing native plugins compatible for Editor in 0.42 ms, found 0 plugins.
Preloading 0 native plugins for Editor in 0.00 ms.
Invoked RoslynAnalysisRunner static constructor.
RoslynAnalysisRunner will not be running.
RoslynAnalysisRunner has terminated.
Mono: successfully reloaded assembly
- Completed reload, in  0.721 seconds
Platform modules already initialized, skipping
Shader 'Universal Render Pipeline/Particles/Lit': fallback shader 'Universal Render Pipeline/Particles/SimpleLit' not found
Shader 'Universal Render Pipeline/Particles/Lit': fallback shader 'Universal Render Pipeline/Particles/SimpleLit' not found
Refreshing native plugins compatible for Editor in 0.46 ms, found 0 plugins.
Preloading 0 native plugins for Editor in 0.00 ms.
Unloading 2641 Unused Serialized files (Serialized files now loaded: 0)
System memory in use before: 125.0 MB.
System memory in use after: 122.9 MB.

Unloading 40 unused Assets to reduce memory usage. Loaded Objects now: 3255.
Total: 3.087700 ms (FindLiveObjects: 0.235700 ms CreateObjectMapping: 0.067100 ms MarkObjects: 1.631000 ms  DeleteObjects: 1.153200 ms)

========================================================================
Received Prepare
Registering precompiled user dll's ...
Registered in 0.001201 seconds.
Begin MonoManager ReloadAssembly
Native extension for WindowsStandalone target not found
Native extension for WebGL target not found
Refreshing native plugins compatible for Editor in 0.42 ms, found 0 plugins.
Preloading 0 native plugins for Editor in 0.00 ms.
Invoked RoslynAnalysisRunner static constructor.
RoslynAnalysisRunner will not be running.
RoslynAnalysisRunner has terminated.
Mono: successfully reloaded assembly
- Completed reload, in  0.713 seconds
Platform modules already initialized, skipping
Shader 'Universal Render Pipeline/Particles/Lit': fallback shader 'Universal Render Pipeline/Particles/SimpleLit' not found
Shader 'Universal Render Pipeline/Particles/Lit': fallback shader 'Universal Render Pipeline/Particles/SimpleLit' not found
Refreshing native plugins compatible for Editor in 0.43 ms, found 0 plugins.
Preloading 0 native plugins for Editor in 0.00 ms.
Unloading 2641 Unused Serialized files (Serialized files now loaded: 0)
System memory in use before: 125.1 MB.
System memory in use after: 122.9 MB.

Unloading 40 unused Assets to reduce memory usage. Loaded Objects now: 3258.
Total: 3.131700 ms (FindLiveObjects: 0.261800 ms CreateObjectMapping: 0.075100 ms MarkObjects: 1.616500 ms  DeleteObjects: 1.177500 ms)

========================================================================
Received Import Request.
  Time since last request: 242.953157 seconds.
  path: Assets/Scripts/Rotator.cs
  artifactKey: Guid(2fbcab50c940cf24db89e3443a1f0b70) Importer(815301076,1909f56bfc062723c751e8b465ee728b)
Start importing Assets/Scripts/Rotator.cs using Guid(2fbcab50c940cf24db89e3443a1f0b70) Importer(815301076,1909f56bfc062723c751e8b465ee728b)  -> (artifact id: 'ae93a10a03bfe67c47ffb65e01f6b22c') in 0.005274 seconds
  Import took 0.009369 seconds .

========================================================================
Received Prepare
Registering precompiled user dll's ...
Registered in 0.001160 seconds.
Begin MonoManager ReloadAssembly
Native extension for WindowsStandalone target not found
Native extension for WebGL target not found
Refreshing native plugins compatible for Editor in 0.49 ms, found 0 plugins.
Preloading 0 native plugins for Editor in 0.00 ms.
Invoked RoslynAnalysisRunner static constructor.
RoslynAnalysisRunner will not be running.
RoslynAnalysisRunner has terminated.
Mono: successfully reloaded assembly
- Completed reload, in  0.729 seconds
Platform modules already initialized, skipping
Shader 'Universal Render Pipeline/Particles/Lit': fallback shader 'Universal Render Pipeline/Particles/SimpleLit' not found
Shader 'Universal Render Pipeline/Particles/Lit': fallback shader 'Universal Render Pipeline/Particles/SimpleLit' not found
Refreshing native plugins compatible for Editor in 0.41 ms, found 0 plugins.
Preloading 0 native plugins for Editor in 0.00 ms.
Unloading 2641 Unused Serialized files (Serialized files now loaded: 0)
System memory in use before: 125.1 MB.
System memory in use after: 122.9 MB.

Unloading 40 unused Assets to reduce memory usage. Loaded Objects now: 3261.
Total: 3.107000 ms (FindLiveObjects: 0.275500 ms CreateObjectMapping: 0.065900 ms MarkObjects: 1.620100 ms  DeleteObjects: 1.144800 ms)

========================================================================
Received Prepare
Registering precompiled user dll's ...
Registered in 0.001214 seconds.
Begin MonoManager ReloadAssembly
Native extension for WindowsStandalone target not found
Native extension for WebGL target not found
Refreshing native plugins compatible for Editor in 0.43 ms, found 0 plugins.
Preloading 0 native plugins for Editor in 0.00 ms.
Invoked RoslynAnalysisRunner static constructor.
RoslynAnalysisRunner will not be running.
RoslynAnalysisRunner has terminated.
Mono: successfully reloaded assembly
- Completed reload, in  0.748 seconds
Platform modules already initialized, skipping
Shader 'Universal Render Pipeline/Particles/Lit': fallback shader 'Universal Render Pipeline/Particles/SimpleLit' not found
Shader 'Universal Render Pipeline/Particles/Lit': fallback shader 'Universal Render Pipeline/Particles/SimpleLit' not found
Refreshing native plugins compatible for Editor in 0.43 ms, found 0 plugins.
Preloading 0 native plugins for Editor in 0.00 ms.
Unloading 2641 Unused Serialized files (Serialized files now loaded: 0)
System memory in use before: 125.1 MB.
System memory in use after: 122.9 MB.

Unloading 40 unused Assets to reduce memory usage. Loaded Objects now: 3264.
Total: 3.174900 ms (FindLiveObjects: 0.304700 ms CreateObjectMapping: 0.064700 ms MarkObjects: 1.620200 ms  DeleteObjects: 1.184200 ms)

========================================================================
Received Import Request.
  Time since last request: 263.940109 seconds.
  path: Assets/Prefabs
  artifactKey: Guid(2ee9d6067ca9df6448ce0505a41606e3) Importer(815301076,1909f56bfc062723c751e8b465ee728b)
Start importing Assets/Prefabs using Guid(2ee9d6067ca9df6448ce0505a41606e3) Importer(815301076,1909f56bfc062723c751e8b465ee728b)  -> (artifact id: '95badaa59acd552b1da20c4d00b443a9') in 0.009309 seconds
  Import took 0.013106 seconds .

========================================================================
Received Import Request.
  Time since last request: 77.034816 seconds.
  path: Assets/Prefabs/PickUp.prefab
  artifactKey: Guid(f1a4e19707ec42e458c6e4a4e18b3454) Importer(815301076,1909f56bfc062723c751e8b465ee728b)
Start importing Assets/Prefabs/PickUp.prefab using Guid(f1a4e19707ec42e458c6e4a4e18b3454) Importer(815301076,1909f56bfc062723c751e8b465ee728b)  -> (artifact id: '8c2772b0cb6a518fb092b1dc66beb25f') in 0.144257 seconds
  Import took 0.148090 seconds .

========================================================================
Received Prepare
Registering precompiled user dll's ...
Registered in 0.001276 seconds.
Begin MonoManager ReloadAssembly
Native extension for WindowsStandalone target not found
Native extension for WebGL target not found
Refreshing native plugins compatible for Editor in 0.47 ms, found 0 plugins.
Preloading 0 native plugins for Editor in 0.00 ms.
Invoked RoslynAnalysisRunner static constructor.
RoslynAnalysisRunner will not be running.
RoslynAnalysisRunner has terminated.
Mono: successfully reloaded assembly
- Completed reload, in  0.834 seconds
Platform modules already initialized, skipping
Shader 'Universal Render Pipeline/Particles/Lit': fallback shader 'Universal Render Pipeline/Particles/SimpleLit' not found
Shader 'Universal Render Pipeline/Particles/Lit': fallback shader 'Universal Render Pipeline/Particles/SimpleLit' not found
Refreshing native plugins compatible for Editor in 0.43 ms, found 0 plugins.
Preloading 0 native plugins for Editor in 0.00 ms.
Unloading 2641 Unused Serialized files (Serialized files now loaded: 0)
System memory in use before: 125.2 MB.
System memory in use after: 123.0 MB.

Unloading 40 unused Assets to reduce memory usage. Loaded Objects now: 3304.
Total: 3.796100 ms (FindLiveObjects: 0.485700 ms CreateObjectMapping: 0.071300 ms MarkObjects: 2.004400 ms  DeleteObjects: 1.233700 ms)

========================================================================
Received Prepare
Registering precompiled user dll's ...
Registered in 0.001296 seconds.
Begin MonoManager ReloadAssembly
Native extension for WindowsStandalone target not found
Native extension for WebGL target not found
Refreshing native plugins compatible for Editor in 0.43 ms, found 0 plugins.
Preloading 0 native plugins for Editor in 0.00 ms.
Invoked RoslynAnalysisRunner static constructor.
RoslynAnalysisRunner will not be running.
RoslynAnalysisRunner has terminated.
Mono: successfully reloaded assembly
- Completed reload, in  0.733 seconds
Platform modules already initialized, skipping
Shader 'Universal Render Pipeline/Particles/Lit': fallback shader 'Universal Render Pipeline/Particles/SimpleLit' not found
Shader 'Universal Render Pipeline/Particles/Lit': fallback shader 'Universal Render Pipeline/Particles/SimpleLit' not found
Refreshing native plugins compatible for Editor in 0.45 ms, found 0 plugins.
Preloading 0 native plugins for Editor in 0.00 ms.
Unloading 2641 Unused Serialized files (Serialized files now loaded: 0)
System memory in use before: 125.2 MB.
System memory in use after: 123.0 MB.

Unloading 40 unused Assets to reduce memory usage. Loaded Objects now: 3307.
Total: 3.729400 ms (FindLiveObjects: 0.305000 ms CreateObjectMapping: 0.077600 ms MarkObjects: 1.968800 ms  DeleteObjects: 1.376900 ms)

========================================================================
Received Import Request.
  Time since last request: 780.443181 seconds.
  path: ProjectSettings/TagManager.asset
  artifactKey: Guid(00000000000000003000000000000000) Importer(815301076,1909f56bfc062723c751e8b465ee728b)
Start importing ProjectSettings/TagManager.asset using Guid(00000000000000003000000000000000) Importer(815301076,1909f56bfc062723c751e8b465ee728b)  -> (artifact id: 'cd7914887f8fad12056f59b06628a58d') in 0.017005 seconds
  Import took 0.020907 seconds .

========================================================================
Received Import Request.
  Time since last request: 0.002197 seconds.
  path: ProjectSettings/TagManager.asset
  artifactKey: Guid(00000000000000003000000000000000) Importer(815301076,1909f56bfc062723c751e8b465ee728b)
Start importing ProjectSettings/TagManager.asset using Guid(00000000000000003000000000000000) Importer(815301076,1909f56bfc062723c751e8b465ee728b)  -> (artifact id: 'cd7914887f8fad12056f59b06628a58d') in 0.002835 seconds
  Import took 0.006547 seconds .

========================================================================
Received Import Request.
  Time since last request: 69.101124 seconds.
  path: Assets/Prefabs/PickUp.prefab
  artifactKey: Guid(f1a4e19707ec42e458c6e4a4e18b3454) Importer(815301076,1909f56bfc062723c751e8b465ee728b)
Start importing Assets/Prefabs/PickUp.prefab using Guid(f1a4e19707ec42e458c6e4a4e18b3454) Importer(815301076,1909f56bfc062723c751e8b465ee728b)  -> (artifact id: '3152395c5c5d40aac2686d30acd2ae21') in 0.114806 seconds
  Import took 0.118657 seconds .

========================================================================
Received Prepare
Registering precompiled user dll's ...
Registered in 0.001211 seconds.
Begin MonoManager ReloadAssembly
Native extension for WindowsStandalone target not found
Native extension for WebGL target not found
Refreshing native plugins compatible for Editor in 0.42 ms, found 0 plugins.
Preloading 0 native plugins for Editor in 0.00 ms.
Invoked RoslynAnalysisRunner static constructor.
RoslynAnalysisRunner will not be running.
RoslynAnalysisRunner has terminated.
Mono: successfully reloaded assembly
- Completed reload, in  0.722 seconds
Platform modules already initialized, skipping
Shader 'Universal Render Pipeline/Particles/Lit': fallback shader 'Universal Render Pipeline/Particles/SimpleLit' not found
Shader 'Universal Render Pipeline/Particles/Lit': fallback shader 'Universal Render Pipeline/Particles/SimpleLit' not found
Refreshing native plugins compatible for Editor in 0.50 ms, found 0 plugins.
Preloading 0 native plugins for Editor in 0.00 ms.
Unloading 2641 Unused Serialized files (Serialized files now loaded: 0)
System memory in use before: 125.4 MB.
System memory in use after: 123.3 MB.

Unloading 42 unused Assets to reduce memory usage. Loaded Objects now: 3346.
Total: 3.663400 ms (FindLiveObjects: 0.295000 ms CreateObjectMapping: 0.074900 ms MarkObjects: 1.996600 ms  DeleteObjects: 1.296200 ms)

========================================================================
Received Prepare
Registering precompiled user dll's ...
Registered in 0.001107 seconds.
Begin MonoManager ReloadAssembly
Native extension for WindowsStandalone target not found
Native extension for WebGL target not found
Refreshing native plugins compatible for Editor in 0.43 ms, found 0 plugins.
Preloading 0 native plugins for Editor in 0.00 ms.
Invoked RoslynAnalysisRunner static constructor.
RoslynAnalysisRunner will not be running.
RoslynAnalysisRunner has terminated.
Mono: successfully reloaded assembly
- Completed reload, in  0.745 seconds
Platform modules already initialized, skipping
Shader 'Universal Render Pipeline/Particles/Lit': fallback shader 'Universal Render Pipeline/Particles/SimpleLit' not found
Shader 'Universal Render Pipeline/Particles/Lit': fallback shader 'Universal Render Pipeline/Particles/SimpleLit' not found
Refreshing native plugins compatible for Editor in 0.50 ms, found 0 plugins.
Preloading 0 native plugins for Editor in 0.00 ms.
Unloading 2641 Unused Serialized files (Serialized files now loaded: 0)
System memory in use before: 125.4 MB.
System memory in use after: 123.3 MB.

Unloading 40 unused Assets to reduce memory usage. Loaded Objects now: 3349.
Total: 3.265700 ms (FindLiveObjects: 0.303500 ms CreateObjectMapping: 0.067500 ms MarkObjects: 1.696500 ms  DeleteObjects: 1.197600 ms)

========================================================================
Received Import Request.
  Time since last request: 225.001944 seconds.
  path: Assets/Prefabs/PickUp.prefab
  artifactKey: Guid(f1a4e19707ec42e458c6e4a4e18b3454) Importer(815301076,1909f56bfc062723c751e8b465ee728b)
Start importing Assets/Prefabs/PickUp.prefab using Guid(f1a4e19707ec42e458c6e4a4e18b3454) Importer(815301076,1909f56bfc062723c751e8b465ee728b)  -> (artifact id: '233fe10fa89f460543866b3975d45be1') in 0.124004 seconds
  Import took 0.128124 seconds .

========================================================================
Received Prepare
Registering precompiled user dll's ...
Registered in 0.001170 seconds.
Begin MonoManager ReloadAssembly
Native extension for WindowsStandalone target not found
Native extension for WebGL target not found
Refreshing native plugins compatible for Editor in 0.42 ms, found 0 plugins.
Preloading 0 native plugins for Editor in 0.00 ms.
Invoked RoslynAnalysisRunner static constructor.
RoslynAnalysisRunner will not be running.
RoslynAnalysisRunner has terminated.
Mono: successfully reloaded assembly
- Completed reload, in  0.726 seconds
Platform modules already initialized, skipping
Shader 'Universal Render Pipeline/Particles/Lit': fallback shader 'Universal Render Pipeline/Particles/SimpleLit' not found
Shader 'Universal Render Pipeline/Particles/Lit': fallback shader 'Universal Render Pipeline/Particles/SimpleLit' not found
Refreshing native plugins compatible for Editor in 0.46 ms, found 0 plugins.
Preloading 0 native plugins for Editor in 0.00 ms.
Unloading 2641 Unused Serialized files (Serialized files now loaded: 0)
System memory in use before: 125.6 MB.
System memory in use after: 123.4 MB.

Unloading 40 unused Assets to reduce memory usage. Loaded Objects now: 3388.
Total: 3.610700 ms (FindLiveObjects: 0.630800 ms CreateObjectMapping: 0.066100 ms MarkObjects: 1.691100 ms  DeleteObjects: 1.221700 ms)

========================================================================
Received Prepare
Registering precompiled user dll's ...
Registered in 0.001145 seconds.
Begin MonoManager ReloadAssembly
Native extension for WindowsStandalone target not found
Native extension for WebGL target not found
Refreshing native plugins compatible for Editor in 0.42 ms, found 0 plugins.
Preloading 0 native plugins for Editor in 0.00 ms.
Invoked RoslynAnalysisRunner static constructor.
RoslynAnalysisRunner will not be running.
RoslynAnalysisRunner has terminated.
Mono: successfully reloaded assembly
- Completed reload, in  0.736 seconds
Platform modules already initialized, skipping
Shader 'Universal Render Pipeline/Particles/Lit': fallback shader 'Universal Render Pipeline/Particles/SimpleLit' not found
Shader 'Universal Render Pipeline/Particles/Lit': fallback shader 'Universal Render Pipeline/Particles/SimpleLit' not found
Refreshing native plugins compatible for Editor in 0.41 ms, found 0 plugins.
Preloading 0 native plugins for Editor in 0.00 ms.
Unloading 2641 Unused Serialized files (Serialized files now loaded: 0)
System memory in use before: 125.6 MB.
System memory in use after: 123.4 MB.

Unloading 40 unused Assets to reduce memory usage. Loaded Objects now: 3391.
Total: 3.505500 ms (FindLiveObjects: 0.299500 ms CreateObjectMapping: 0.076900 ms MarkObjects: 1.932800 ms  DeleteObjects: 1.195500 ms)

========================================================================
Received Import Request.
  Time since last request: 516.738716 seconds.
  path: Assets/Prefabs/PickUp.prefab
  artifactKey: Guid(f1a4e19707ec42e458c6e4a4e18b3454) Importer(815301076,1909f56bfc062723c751e8b465ee728b)
Start importing Assets/Prefabs/PickUp.prefab using Guid(f1a4e19707ec42e458c6e4a4e18b3454) Importer(815301076,1909f56bfc062723c751e8b465ee728b)  -> (artifact id: '141219a98d2cfce00f872aaf26febb9f') in 0.126037 seconds
  Import took 0.130459 seconds .

========================================================================
Received Import Request.
  Time since last request: 13.568188 seconds.
  path: Assets/Prefabs/PickUp.prefab
  artifactKey: Guid(f1a4e19707ec42e458c6e4a4e18b3454) Importer(815301076,1909f56bfc062723c751e8b465ee728b)
Start importing Assets/Prefabs/PickUp.prefab using Guid(f1a4e19707ec42e458c6e4a4e18b3454) Importer(815301076,1909f56bfc062723c751e8b465ee728b)  -> (artifact id: 'c13b4a3b9f0f32b3e4453d585247a907') in 0.008660 seconds
  Import took 0.012322 seconds .

========================================================================
Received Prepare
Registering precompiled user dll's ...
Registered in 0.001178 seconds.
Begin MonoManager ReloadAssembly
Native extension for WindowsStandalone target not found
Native extension for WebGL target not found
Refreshing native plugins compatible for Editor in 0.44 ms, found 0 plugins.
Preloading 0 native plugins for Editor in 0.00 ms.
Invoked RoslynAnalysisRunner static constructor.
RoslynAnalysisRunner will not be running.
RoslynAnalysisRunner has terminated.
Mono: successfully reloaded assembly
- Completed reload, in  0.726 seconds
Platform modules already initialized, skipping
Shader 'Universal Render Pipeline/Particles/Lit': fallback shader 'Universal Render Pipeline/Particles/SimpleLit' not found
Shader 'Universal Render Pipeline/Particles/Lit': fallback shader 'Universal Render Pipeline/Particles/SimpleLit' not found
Refreshing native plugins compatible for Editor in 0.50 ms, found 0 plugins.
Preloading 0 native plugins for Editor in 0.00 ms.
Unloading 2641 Unused Serialized files (Serialized files now loaded: 0)
System memory in use before: 125.7 MB.
System memory in use after: 123.5 MB.

Unloading 40 unused Assets to reduce memory usage. Loaded Objects now: 3430.
Total: 3.574500 ms (FindLiveObjects: 0.391300 ms CreateObjectMapping: 0.074800 ms MarkObjects: 1.905000 ms  DeleteObjects: 1.202100 ms)

========================================================================
Received Import Request.
  Time since last request: 54.474097 seconds.
  path: Assets/Prefabs/PickUp.prefab
  artifactKey: Guid(f1a4e19707ec42e458c6e4a4e18b3454) Importer(815301076,1909f56bfc062723c751e8b465ee728b)
Start importing Assets/Prefabs/PickUp.prefab using Guid(f1a4e19707ec42e458c6e4a4e18b3454) Importer(815301076,1909f56bfc062723c751e8b465ee728b)  -> (artifact id: 'a03a6e7b9742c963178f3d3de1f4ca7f') in 0.121202 seconds
  Import took 0.125310 seconds .

========================================================================
Received Prepare
Registering precompiled user dll's ...
Registered in 0.001096 seconds.
Begin MonoManager ReloadAssembly
Native extension for WindowsStandalone target not found
Native extension for WebGL target not found
Refreshing native plugins compatible for Editor in 0.49 ms, found 0 plugins.
Preloading 0 native plugins for Editor in 0.00 ms.
Invoked RoslynAnalysisRunner static constructor.
RoslynAnalysisRunner will not be running.
RoslynAnalysisRunner has terminated.
Mono: successfully reloaded assembly
- Completed reload, in  0.708 seconds
Platform modules already initialized, skipping
Shader 'Universal Render Pipeline/Particles/Lit': fallback shader 'Universal Render Pipeline/Particles/SimpleLit' not found
Shader 'Universal Render Pipeline/Particles/Lit': fallback shader 'Universal Render Pipeline/Particles/SimpleLit' not found
Refreshing native plugins compatible for Editor in 0.43 ms, found 0 plugins.
Preloading 0 native plugins for Editor in 0.00 ms.
Unloading 2641 Unused Serialized files (Serialized files now loaded: 0)
System memory in use before: 125.9 MB.
System memory in use after: 123.7 MB.

Unloading 40 unused Assets to reduce memory usage. Loaded Objects now: 3469.
Total: 3.564900 ms (FindLiveObjects: 0.302000 ms CreateObjectMapping: 0.076600 ms MarkObjects: 1.980100 ms  DeleteObjects: 1.205300 ms)

========================================================================
Received Prepare
Registering precompiled user dll's ...
Registered in 0.001224 seconds.
Begin MonoManager ReloadAssembly
Native extension for WindowsStandalone target not found
Native extension for WebGL target not found
Refreshing native plugins compatible for Editor in 0.41 ms, found 0 plugins.
Preloading 0 native plugins for Editor in 0.00 ms.
Invoked RoslynAnalysisRunner static constructor.
RoslynAnalysisRunner will not be running.
RoslynAnalysisRunner has terminated.
Mono: successfully reloaded assembly
- Completed reload, in  0.733 seconds
Platform modules already initialized, skipping
Shader 'Universal Render Pipeline/Particles/Lit': fallback shader 'Universal Render Pipeline/Particles/SimpleLit' not found
Shader 'Universal Render Pipeline/Particles/Lit': fallback shader 'Universal Render Pipeline/Particles/SimpleLit' not found
Refreshing native plugins compatible for Editor in 0.44 ms, found 0 plugins.
Preloading 0 native plugins for Editor in 0.00 ms.
Unloading 2641 Unused Serialized files (Serialized files now loaded: 0)
System memory in use before: 125.9 MB.
System memory in use after: 123.7 MB.

Unloading 40 unused Assets to reduce memory usage. Loaded Objects now: 3472.
Total: 4.004800 ms (FindLiveObjects: 0.313500 ms CreateObjectMapping: 0.067900 ms MarkObjects: 2.223000 ms  DeleteObjects: 1.399000 ms)

========================================================================
Received Prepare
Registering precompiled user dll's ...
Registered in 0.001257 seconds.
Begin MonoManager ReloadAssembly
Native extension for WindowsStandalone target not found
Native extension for WebGL target not found
Refreshing native plugins compatible for Editor in 0.47 ms, found 0 plugins.
Preloading 0 native plugins for Editor in 0.00 ms.
Invoked RoslynAnalysisRunner static constructor.
RoslynAnalysisRunner will not be running.
RoslynAnalysisRunner has terminated.
Mono: successfully reloaded assembly
- Completed reload, in  0.745 seconds
Platform modules already initialized, skipping
Shader 'Universal Render Pipeline/Particles/Lit': fallback shader 'Universal Render Pipeline/Particles/SimpleLit' not found
Shader 'Universal Render Pipeline/Particles/Lit': fallback shader 'Universal Render Pipeline/Particles/SimpleLit' not found
Refreshing native plugins compatible for Editor in 0.42 ms, found 0 plugins.
Preloading 0 native plugins for Editor in 0.00 ms.
Unloading 2654 Unused Serialized files (Serialized files now loaded: 0)
System memory in use before: 127.6 MB.
System memory in use after: 124.8 MB.

Unloading 53 unused Assets to reduce memory usage. Loaded Objects now: 3475.
Total: 4.143800 ms (FindLiveObjects: 0.310700 ms CreateObjectMapping: 0.066200 ms MarkObjects: 2.015900 ms  DeleteObjects: 1.750000 ms)

========================================================================
Received Prepare
Registering precompiled user dll's ...
Registered in 0.001167 seconds.
Begin MonoManager ReloadAssembly
Native extension for WindowsStandalone target not found
Native extension for WebGL target not found
Refreshing native plugins compatible for Editor in 0.42 ms, found 0 plugins.
Preloading 0 native plugins for Editor in 0.00 ms.
Invoked RoslynAnalysisRunner static constructor.
RoslynAnalysisRunner will not be running.
RoslynAnalysisRunner has terminated.
Mono: successfully reloaded assembly
- Completed reload, in  0.737 seconds
Platform modules already initialized, skipping
Shader 'Universal Render Pipeline/Particles/Lit': fallback shader 'Universal Render Pipeline/Particles/SimpleLit' not found
Shader 'Universal Render Pipeline/Particles/Lit': fallback shader 'Universal Render Pipeline/Particles/SimpleLit' not found
Refreshing native plugins compatible for Editor in 0.54 ms, found 0 plugins.
Preloading 0 native plugins for Editor in 0.00 ms.
Unloading 2654 Unused Serialized files (Serialized files now loaded: 0)
System memory in use before: 127.5 MB.
System memory in use after: 124.8 MB.

Unloading 53 unused Assets to reduce memory usage. Loaded Objects now: 3478.
Total: 3.738700 ms (FindLiveObjects: 0.428000 ms CreateObjectMapping: 0.071300 ms MarkObjects: 1.812300 ms  DeleteObjects: 1.426000 ms)

========================================================================
Received Prepare
Registering precompiled user dll's ...
Registered in 0.001293 seconds.
Begin MonoManager ReloadAssembly
Native extension for WindowsStandalone target not found
Native extension for WebGL target not found
Refreshing native plugins compatible for Editor in 0.43 ms, found 0 plugins.
Preloading 0 native plugins for Editor in 0.00 ms.
Invoked RoslynAnalysisRunner static constructor.
RoslynAnalysisRunner will not be running.
RoslynAnalysisRunner has terminated.
Mono: successfully reloaded assembly
- Completed reload, in  0.742 seconds
Platform modules already initialized, skipping
Shader 'Universal Render Pipeline/Particles/Lit': fallback shader 'Universal Render Pipeline/Particles/SimpleLit' not found
Shader 'Universal Render Pipeline/Particles/Lit': fallback shader 'Universal Render Pipeline/Particles/SimpleLit' not found
Refreshing native plugins compatible for Editor in 0.44 ms, found 0 plugins.
Preloading 0 native plugins for Editor in 0.00 ms.
Unloading 2654 Unused Serialized files (Serialized files now loaded: 0)
System memory in use before: 127.5 MB.
System memory in use after: 124.7 MB.

Unloading 53 unused Assets to reduce memory usage. Loaded Objects now: 3481.
Total: 3.978000 ms (FindLiveObjects: 0.327400 ms CreateObjectMapping: 0.078200 ms MarkObjects: 2.115500 ms  DeleteObjects: 1.455800 ms)

========================================================================
Received Prepare
Registering precompiled user dll's ...
Registered in 0.001117 seconds.
Begin MonoManager ReloadAssembly
Native extension for WindowsStandalone target not found
Native extension for WebGL target not found
Refreshing native plugins compatible for Editor in 0.41 ms, found 0 plugins.
Preloading 0 native plugins for Editor in 0.00 ms.
Invoked RoslynAnalysisRunner static constructor.
RoslynAnalysisRunner will not be running.
RoslynAnalysisRunner has terminated.
Mono: successfully reloaded assembly
- Completed reload, in  0.719 seconds
Platform modules already initialized, skipping
Shader 'Universal Render Pipeline/Particles/Lit': fallback shader 'Universal Render Pipeline/Particles/SimpleLit' not found
Shader 'Universal Render Pipeline/Particles/Lit': fallback shader 'Universal Render Pipeline/Particles/SimpleLit' not found
Refreshing native plugins compatible for Editor in 0.45 ms, found 0 plugins.
Preloading 0 native plugins for Editor in 0.00 ms.
Unloading 2654 Unused Serialized files (Serialized files now loaded: 0)
System memory in use before: 127.6 MB.
System memory in use after: 124.8 MB.

Unloading 53 unused Assets to reduce memory usage. Loaded Objects now: 3484.
Total: 3.790000 ms (FindLiveObjects: 0.291000 ms CreateObjectMapping: 0.068900 ms MarkObjects: 1.991300 ms  DeleteObjects: 1.438100 ms)

========================================================================
Received Prepare
Registering precompiled user dll's ...
Registered in 0.001157 seconds.
Begin MonoManager ReloadAssembly
Native extension for WindowsStandalone target not found
Native extension for WebGL target not found
Refreshing native plugins compatible for Editor in 0.42 ms, found 0 plugins.
Preloading 0 native plugins for Editor in 0.00 ms.
Invoked RoslynAnalysisRunner static constructor.
RoslynAnalysisRunner will not be running.
RoslynAnalysisRunner has terminated.
Mono: successfully reloaded assembly
- Completed reload, in  0.737 seconds
Platform modules already initialized, skipping
Shader 'Universal Render Pipeline/Particles/Lit': fallback shader 'Universal Render Pipeline/Particles/SimpleLit' not found
Shader 'Universal Render Pipeline/Particles/Lit': fallback shader 'Universal Render Pipeline/Particles/SimpleLit' not found
Refreshing native plugins compatible for Editor in 0.54 ms, found 0 plugins.
Preloading 0 native plugins for Editor in 0.00 ms.
Unloading 2654 Unused Serialized files (Serialized files now loaded: 0)
System memory in use before: 127.6 MB.
System memory in use after: 124.8 MB.

Unloading 53 unused Assets to reduce memory usage. Loaded Objects now: 3487.
Total: 3.807800 ms (FindLiveObjects: 0.300100 ms CreateObjectMapping: 0.066500 ms MarkObjects: 1.987100 ms  DeleteObjects: 1.453500 ms)

========================================================================
Received Import Request.
  Time since last request: 3339.445701 seconds.
  path: Assets/Input/InputActions.inputactions
  artifactKey: Guid(678ae176359f9834196d7a69c9e10b41) Importer(815301076,1909f56bfc062723c751e8b465ee728b)
Start importing Assets/Input/InputActions.inputactions using Guid(678ae176359f9834196d7a69c9e10b41) Importer(815301076,1909f56bfc062723c751e8b465ee728b)  -> (artifact id: '4981bdda68452b8b4a66acc2531833c1') in 0.022456 seconds
  Import took 0.027029 seconds .

========================================================================
Received Import Request.
  Time since last request: 10.966460 seconds.
  path: Assets/Scripts/PlayerController.cs
  artifactKey: Guid(d018b6e0adc3ed446ad70d3486e331e6) Importer(815301076,1909f56bfc062723c751e8b465ee728b)
Start importing Assets/Scripts/PlayerController.cs using Guid(d018b6e0adc3ed446ad70d3486e331e6) Importer(815301076,1909f56bfc062723c751e8b465ee728b)  -> (artifact id: 'a2e201cea7ee9d6301896e4ab70d6e9a') in 0.005455 seconds
  Import took 0.008994 seconds .

========================================================================
Received Import Request.
  Time since last request: 0.001030 seconds.
  path: Assets/Scripts/PlayerController.cs
  artifactKey: Guid(d018b6e0adc3ed446ad70d3486e331e6) Importer(815301076,1909f56bfc062723c751e8b465ee728b)
Start importing Assets/Scripts/PlayerController.cs using Guid(d018b6e0adc3ed446ad70d3486e331e6) Importer(815301076,1909f56bfc062723c751e8b465ee728b)  -> (artifact id: 'a2e201cea7ee9d6301896e4ab70d6e9a') in 0.002225 seconds
  Import took 0.005286 seconds .

AssetImportWorkerClient::OnTransportError - code=2 error=End of file
